2015-11-10 15:26:56 10fc InnoDB: Warning: Using innodb_additional_mem_pool_size is DEPRECATED. This option may be removed in future releases, together with the option innodb_use_sys_malloc and with the InnoDB's internal memory allocator.
2015-11-10 15:26:56 4348 [Note] InnoDB: Using mutexes to ref count buffer pool pages
2015-11-10 15:26:56 4348 [Note] InnoDB: The InnoDB memory heap is disabled
2015-11-10 15:26:56 4348 [Note] InnoDB: Mutexes and rw_locks use Windows interlocked functions
2015-11-10 15:26:56 4348 [Note] InnoDB: Memory barrier is not used
2015-11-10 15:26:56 4348 [Note] InnoDB: Compressed tables use zlib 1.2.3
2015-11-10 15:26:56 4348 [Note] InnoDB: Not using CPU crc32 instructions
2015-11-10 15:26:56 4348 [Note] InnoDB: Initializing buffer pool, size = 16.0M
2015-11-10 15:26:56 4348 [Note] InnoDB: Completed initialization of buffer pool
2015-11-10 15:26:56 4348 [Note] InnoDB: Highest supported file format is Barracuda.
2015-11-10 15:26:57 4348 [Note] InnoDB: 128 rollback segment(s) are active.
2015-11-10 15:26:57 4348 [Note] InnoDB: Waiting for purge to start
2015-11-10 15:26:57 4348 [Note] InnoDB:  Percona XtraDB (http://www.percona.com) 5.6.26-74.0 started; log sequence number 1835027
2015-11-10 15:26:57 6140 [Note] InnoDB: Dumping buffer pool(s) not yet started
2015-11-10 15:26:57 4348 [Note] Plugin 'FEEDBACK' is disabled.
2015-11-10 15:26:57 4348 [Note] Server socket created on IP: '::'.
2015-11-10 15:26:57 4348 [Note] Event Scheduler: Loaded 0 events
2015-11-10 15:26:57 4348 [Note] C:\xampp\mysql\bin\mysqld.exe: ready for connections.
Version: '10.1.8-MariaDB'  socket: ''  port: 3306  mariadb.org binary distribution
2015-11-10 15:27:11 5152 [Note] C:\xampp\mysql\bin\mysqld.exe: Normal shutdown

2015-11-10 15:27:11 5152 [Note] Event Scheduler: Purging the queue. 0 events
2015-11-10 15:27:11 5732 [Note] InnoDB: FTS optimize thread exiting.
2015-11-10 15:27:11 5152 [Note] InnoDB: Starting shutdown...
2015-11-10 15:27:13 5152 [Note] InnoDB: Shutdown completed; log sequence number 1835037
2015-11-10 15:27:13 5152 [Note] C:\xampp\mysql\bin\mysqld.exe: Shutdown complete

2019-05-13 16:02:27 3f78 InnoDB: Warning: Using innodb_additional_mem_pool_size is DEPRECATED. This option may be removed in future releases, together with the option innodb_use_sys_malloc and with the InnoDB's internal memory allocator.
2019-05-13 16:02:27 16248 [Note] InnoDB: innodb_empty_free_list_algorithm has been changed to legacy because of small buffer pool size. In order to use backoff, increase buffer pool at least up to 20MB.

2019-05-13 16:02:27 16248 [Note] InnoDB: Using mutexes to ref count buffer pool pages
2019-05-13 16:02:27 16248 [Note] InnoDB: The InnoDB memory heap is disabled
2019-05-13 16:02:27 16248 [Note] InnoDB: Mutexes and rw_locks use Windows interlocked functions
2019-05-13 16:02:27 16248 [Note] InnoDB: _mm_lfence() and _mm_sfence() are used for memory barrier
2019-05-13 16:02:27 16248 [Note] InnoDB: Compressed tables use zlib 1.2.11
2019-05-13 16:02:27 16248 [Note] InnoDB: Using generic crc32 instructions
2019-05-13 16:02:27 16248 [Note] InnoDB: Initializing buffer pool, size = 16.0M
2019-05-13 16:02:27 16248 [Note] InnoDB: Completed initialization of buffer pool
2019-05-13 16:02:27 16248 [Note] InnoDB: Highest supported file format is Barracuda.
2019-05-13 16:02:28 16248 [Note] InnoDB: 128 rollback segment(s) are active.
2019-05-13 16:02:28 16248 [Note] InnoDB: Waiting for purge to start
2019-05-13 16:02:28 16248 [Note] InnoDB:  Percona XtraDB (http://www.percona.com) 5.6.43-84.3 started; log sequence number 1835037
2019-05-13 16:02:28 19484 [Note] InnoDB: Dumping buffer pool(s) not yet started
2019-05-13 16:02:28 16248 [Note] Plugin 'FEEDBACK' is disabled.
2019-05-13 16:02:28 16248 [Note] Server socket created on IP: '::'.
2019-05-13 16:02:28 16248 [Note] c:\xampp\mysql\bin\mysqld.exe: ready for connections.
Version: '10.1.39-MariaDB'  socket: ''  port: 3306  mariadb.org binary distribution
2019-05-13 16:04:01 44f0 InnoDB: Warning: Using innodb_additional_mem_pool_size is DEPRECATED. This option may be removed in future releases, together with the option innodb_use_sys_malloc and with the InnoDB's internal memory allocator.
2019-05-13 16:04:01 17648 [Note] InnoDB: innodb_empty_free_list_algorithm has been changed to legacy because of small buffer pool size. In order to use backoff, increase buffer pool at least up to 20MB.

2019-05-13 16:04:01 17648 [Note] InnoDB: Using mutexes to ref count buffer pool pages
2019-05-13 16:04:01 17648 [Note] InnoDB: The InnoDB memory heap is disabled
2019-05-13 16:04:01 17648 [Note] InnoDB: Mutexes and rw_locks use Windows interlocked functions
2019-05-13 16:04:01 17648 [Note] InnoDB: _mm_lfence() and _mm_sfence() are used for memory barrier
2019-05-13 16:04:01 17648 [Note] InnoDB: Compressed tables use zlib 1.2.11
2019-05-13 16:04:01 17648 [Note] InnoDB: Using generic crc32 instructions
2019-05-13 16:04:01 17648 [Note] InnoDB: Initializing buffer pool, size = 16.0M
2019-05-13 16:04:01 17648 [Note] InnoDB: Completed initialization of buffer pool
2019-05-13 16:04:01 17648 [Note] InnoDB: Highest supported file format is Barracuda.
2019-05-13 16:04:01 17648 [Note] InnoDB: The log sequence number 1835037 in ibdata file do not match the log sequence number 1835047 in the ib_logfiles!
2019-05-13 16:04:01 17648 [Note] InnoDB: Restoring possible half-written data pages from the doublewrite buffer...
2019-05-13 16:04:03 17648 [Note] InnoDB: 128 rollback segment(s) are active.
2019-05-13 16:04:03 17648 [Note] InnoDB: Waiting for purge to start
2019-05-13 16:04:03 17648 [Note] InnoDB:  Percona XtraDB (http://www.percona.com) 5.6.43-84.3 started; log sequence number 1835047
2019-05-13 16:04:03 16276 [Note] InnoDB: Dumping buffer pool(s) not yet started
2019-05-13 16:04:03 17648 [Note] Plugin 'FEEDBACK' is disabled.
2019-05-13 16:04:03 17648 [Note] Server socket created on IP: '::'.
2019-05-13 16:04:03 17648 [Note] c:\xampp\mysql\bin\mysqld.exe: ready for connections.
Version: '10.1.39-MariaDB'  socket: ''  port: 3306  mariadb.org binary distribution
2019-05-13 16:05:06 4fec InnoDB: Warning: Using innodb_additional_mem_pool_size is DEPRECATED. This option may be removed in future releases, together with the option innodb_use_sys_malloc and with the InnoDB's internal memory allocator.
2019-05-13 16:05:06 20460 [Note] InnoDB: innodb_empty_free_list_algorithm has been changed to legacy because of small buffer pool size. In order to use backoff, increase buffer pool at least up to 20MB.

2019-05-13 16:05:06 20460 [Note] InnoDB: Using mutexes to ref count buffer pool pages
2019-05-13 16:05:06 20460 [Note] InnoDB: The InnoDB memory heap is disabled
2019-05-13 16:05:06 20460 [Note] InnoDB: Mutexes and rw_locks use Windows interlocked functions
2019-05-13 16:05:06 20460 [Note] InnoDB: _mm_lfence() and _mm_sfence() are used for memory barrier
2019-05-13 16:05:06 20460 [Note] InnoDB: Compressed tables use zlib 1.2.11
2019-05-13 16:05:06 20460 [Note] InnoDB: Using generic crc32 instructions
2019-05-13 16:05:06 20460 [Note] InnoDB: Initializing buffer pool, size = 16.0M
2019-05-13 16:05:06 20460 [Note] InnoDB: Completed initialization of buffer pool
2019-05-13 16:05:07 20460 [Note] InnoDB: Highest supported file format is Barracuda.
2019-05-13 16:05:07 20460 [Note] InnoDB: The log sequence number 1835037 in ibdata file do not match the log sequence number 1835057 in the ib_logfiles!
2019-05-13 16:05:08 20460 [Note] InnoDB: Restoring possible half-written data pages from the doublewrite buffer...
2019-05-13 16:05:09 20460 [Note] InnoDB: 128 rollback segment(s) are active.
2019-05-13 16:05:09 20460 [Note] InnoDB: Waiting for purge to start
2019-05-13 16:05:09 20460 [Note] InnoDB:  Percona XtraDB (http://www.percona.com) 5.6.43-84.3 started; log sequence number 1835057
2019-05-13 16:05:09 19680 [Note] InnoDB: Dumping buffer pool(s) not yet started
2019-05-13 16:05:09 20460 [Note] Plugin 'FEEDBACK' is disabled.
2019-05-13 16:05:09 20460 [Note] Server socket created on IP: '::'.
2019-05-13 16:05:09 20460 [Note] c:\xampp\mysql\bin\mysqld.exe: ready for connections.
Version: '10.1.39-MariaDB'  socket: ''  port: 3306  mariadb.org binary distribution
2019-05-13 19:40:31 326c InnoDB: Warning: Using innodb_additional_mem_pool_size is DEPRECATED. This option may be removed in future releases, together with the option innodb_use_sys_malloc and with the InnoDB's internal memory allocator.
2019-05-13 19:40:31 12908 [Note] InnoDB: innodb_empty_free_list_algorithm has been changed to legacy because of small buffer pool size. In order to use backoff, increase buffer pool at least up to 20MB.

2019-05-13 19:40:31 12908 [Note] InnoDB: Using mutexes to ref count buffer pool pages
2019-05-13 19:40:31 12908 [Note] InnoDB: The InnoDB memory heap is disabled
2019-05-13 19:40:31 12908 [Note] InnoDB: Mutexes and rw_locks use Windows interlocked functions
2019-05-13 19:40:31 12908 [Note] InnoDB: _mm_lfence() and _mm_sfence() are used for memory barrier
2019-05-13 19:40:31 12908 [Note] InnoDB: Compressed tables use zlib 1.2.11
2019-05-13 19:40:31 12908 [Note] InnoDB: Using generic crc32 instructions
2019-05-13 19:40:31 12908 [Note] InnoDB: Initializing buffer pool, size = 16.0M
2019-05-13 19:40:31 12908 [Note] InnoDB: Completed initialization of buffer pool
2019-05-13 19:40:31 12908 [Note] InnoDB: Highest supported file format is Barracuda.
2019-05-13 19:40:31 12908 [Note] InnoDB: The log sequence number 1835037 in ibdata file do not match the log sequence number 1847690 in the ib_logfiles!
2019-05-13 19:40:32 12908 [Note] InnoDB: Restoring possible half-written data pages from the doublewrite buffer...
2019-05-13 19:40:33 12908 [Note] InnoDB: 128 rollback segment(s) are active.
2019-05-13 19:40:33 12908 [Note] InnoDB: Waiting for purge to start
2019-05-13 19:40:33 12908 [Note] InnoDB:  Percona XtraDB (http://www.percona.com) 5.6.43-84.3 started; log sequence number 1847690
2019-05-13 19:40:34 18124 [Note] InnoDB: Dumping buffer pool(s) not yet started
2019-05-13 19:40:34 12908 [Note] Plugin 'FEEDBACK' is disabled.
2019-05-13 19:40:34 12908 [Note] Server socket created on IP: '::'.
2019-05-13 19:40:34 12908 [ERROR] mysqld.exe: Table '.\mysql\user' is marked as crashed and should be repaired
2019-05-13 19:40:34 12908 [Warning] Checking table:   '.\mysql\user'
2019-05-13 19:40:34 12908 [ERROR] mysql.user: 1 client is using or hasn't closed the table properly
2019-05-13 19:40:34 12908 [ERROR] mysqld.exe: Table '.\mysql\db' is marked as crashed and should be repaired
2019-05-13 19:40:34 12908 [Warning] Checking table:   '.\mysql\db'
2019-05-13 19:40:34 12908 [ERROR] mysql.db: 1 client is using or hasn't closed the table properly
2019-05-13 19:40:35 12908 [Note] c:\xampp\mysql\bin\mysqld.exe: ready for connections.
Version: '10.1.39-MariaDB'  socket: ''  port: 3306  mariadb.org binary distribution
2019-05-14 00:05:28 29d0 InnoDB: Warning: Using innodb_additional_mem_pool_size is DEPRECATED. This option may be removed in future releases, together with the option innodb_use_sys_malloc and with the InnoDB's internal memory allocator.
2019-05-14  0:05:28 10704 [Note] InnoDB: innodb_empty_free_list_algorithm has been changed to legacy because of small buffer pool size. In order to use backoff, increase buffer pool at least up to 20MB.

2019-05-14  0:05:28 10704 [Note] InnoDB: Using mutexes to ref count buffer pool pages
2019-05-14  0:05:28 10704 [Note] InnoDB: The InnoDB memory heap is disabled
2019-05-14  0:05:28 10704 [Note] InnoDB: Mutexes and rw_locks use Windows interlocked functions
2019-05-14  0:05:28 10704 [Note] InnoDB: _mm_lfence() and _mm_sfence() are used for memory barrier
2019-05-14  0:05:29 10704 [Note] InnoDB: Compressed tables use zlib 1.2.11
2019-05-14  0:05:29 10704 [Note] InnoDB: Using generic crc32 instructions
2019-05-14  0:05:29 10704 [Note] InnoDB: Initializing buffer pool, size = 16.0M
2019-05-14  0:05:29 10704 [Note] InnoDB: Completed initialization of buffer pool
2019-05-14  0:05:29 10704 [Note] InnoDB: Highest supported file format is Barracuda.
2019-05-14  0:05:29 10704 [Note] InnoDB: The log sequence number 1835037 in ibdata file do not match the log sequence number 1847700 in the ib_logfiles!
2019-05-14  0:05:30 10704 [Note] InnoDB: Restoring possible half-written data pages from the doublewrite buffer...
2019-05-14  0:05:31 10704 [Note] InnoDB: 128 rollback segment(s) are active.
2019-05-14  0:05:31 10704 [Note] InnoDB: Waiting for purge to start
2019-05-14  0:05:31 10704 [Note] InnoDB:  Percona XtraDB (http://www.percona.com) 5.6.43-84.3 started; log sequence number 1847700
2019-05-14  0:05:31 17744 [Note] InnoDB: Dumping buffer pool(s) not yet started
2019-05-14  0:05:31 10704 [Note] Plugin 'FEEDBACK' is disabled.
2019-05-14  0:05:31 10704 [Note] Server socket created on IP: '::'.
2019-05-14  0:05:31 10704 [Note] c:\xampp\mysql\bin\mysqld.exe: ready for connections.
Version: '10.1.39-MariaDB'  socket: ''  port: 3306  mariadb.org binary distribution
2019-05-14  0:36:53 4628 [ERROR] Incorrect definition of table mysql.column_stats: expected column 'min_value' at position 3 to have type varbinary(255), found type varchar(255).
2019-05-14  0:36:53 4628 [ERROR] Incorrect definition of table mysql.column_stats: expected column 'max_value' at position 4 to have type varbinary(255), found type varchar(255).
2019-05-14 13:40:14 1464 InnoDB: Warning: Using innodb_additional_mem_pool_size is DEPRECATED. This option may be removed in future releases, together with the option innodb_use_sys_malloc and with the InnoDB's internal memory allocator.
2019-05-14 13:40:14 5220 [Note] InnoDB: innodb_empty_free_list_algorithm has been changed to legacy because of small buffer pool size. In order to use backoff, increase buffer pool at least up to 20MB.

2019-05-14 13:40:14 5220 [Note] InnoDB: Using mutexes to ref count buffer pool pages
2019-05-14 13:40:14 5220 [Note] InnoDB: The InnoDB memory heap is disabled
2019-05-14 13:40:14 5220 [Note] InnoDB: Mutexes and rw_locks use Windows interlocked functions
2019-05-14 13:40:14 5220 [Note] InnoDB: _mm_lfence() and _mm_sfence() are used for memory barrier
2019-05-14 13:40:14 5220 [Note] InnoDB: Compressed tables use zlib 1.2.11
2019-05-14 13:40:14 5220 [Note] InnoDB: Using generic crc32 instructions
2019-05-14 13:40:14 5220 [Note] InnoDB: Initializing buffer pool, size = 16.0M
2019-05-14 13:40:14 5220 [Note] InnoDB: Completed initialization of buffer pool
2019-05-14 13:40:14 5220 [Note] InnoDB: Highest supported file format is Barracuda.
2019-05-14 13:40:14 5220 [Note] InnoDB: The log sequence number 1835037 in ibdata file do not match the log sequence number 1865531 in the ib_logfiles!
2019-05-14 13:40:15 5220 [Note] InnoDB: Restoring possible half-written data pages from the doublewrite buffer...
2019-05-14 13:40:16 5220 [Note] InnoDB: 128 rollback segment(s) are active.
2019-05-14 13:40:16 5220 [Note] InnoDB: Waiting for purge to start
2019-05-14 13:40:16 5220 [Note] InnoDB:  Percona XtraDB (http://www.percona.com) 5.6.43-84.3 started; log sequence number 1865531
2019-05-14 13:40:17 5548 [Note] InnoDB: Dumping buffer pool(s) not yet started
2019-05-14 13:40:17 5220 [Note] Plugin 'FEEDBACK' is disabled.
2019-05-14 13:40:17 5220 [Note] Server socket created on IP: '::'.
2019-05-14 13:40:17 5220 [Note] c:\xampp\mysql\bin\mysqld.exe: ready for connections.
Version: '10.1.39-MariaDB'  socket: ''  port: 3306  mariadb.org binary distribution
2019-05-14 13:41:57 2174 InnoDB: Warning: Using innodb_additional_mem_pool_size is DEPRECATED. This option may be removed in future releases, together with the option innodb_use_sys_malloc and with the InnoDB's internal memory allocator.
2019-05-14 13:41:57 8564 [Note] InnoDB: innodb_empty_free_list_algorithm has been changed to legacy because of small buffer pool size. In order to use backoff, increase buffer pool at least up to 20MB.

2019-05-14 13:41:57 8564 [Note] InnoDB: Using mutexes to ref count buffer pool pages
2019-05-14 13:41:57 8564 [Note] InnoDB: The InnoDB memory heap is disabled
2019-05-14 13:41:57 8564 [Note] InnoDB: Mutexes and rw_locks use Windows interlocked functions
2019-05-14 13:41:57 8564 [Note] InnoDB: _mm_lfence() and _mm_sfence() are used for memory barrier
2019-05-14 13:41:57 8564 [Note] InnoDB: Compressed tables use zlib 1.2.11
2019-05-14 13:41:57 8564 [Note] InnoDB: Using generic crc32 instructions
2019-05-14 13:41:57 8564 [Note] InnoDB: Initializing buffer pool, size = 16.0M
2019-05-14 13:41:57 8564 [Note] InnoDB: Completed initialization of buffer pool
2019-05-14 13:41:58 8564 [Note] InnoDB: Highest supported file format is Barracuda.
2019-05-14 13:41:58 8564 [Note] InnoDB: The log sequence number 1835037 in ibdata file do not match the log sequence number 1865761 in the ib_logfiles!
2019-05-14 13:41:58 8564 [Note] InnoDB: Restoring possible half-written data pages from the doublewrite buffer...
2019-05-14 13:42:00 8564 [Note] InnoDB: 128 rollback segment(s) are active.
2019-05-14 13:42:00 8564 [Note] InnoDB: Waiting for purge to start
2019-05-14 13:42:00 8564 [Note] InnoDB:  Percona XtraDB (http://www.percona.com) 5.6.43-84.3 started; log sequence number 1865761
2019-05-14 13:42:00 19364 [Note] InnoDB: Dumping buffer pool(s) not yet started
2019-05-14 13:42:00 8564 [Note] Plugin 'FEEDBACK' is disabled.
2019-05-14 13:42:00 8564 [Note] Server socket created on IP: '::'.
2019-05-14 13:42:00 8564 [Note] c:\xampp\mysql\bin\mysqld.exe: ready for connections.
Version: '10.1.39-MariaDB'  socket: ''  port: 3306  mariadb.org binary distribution
2019-05-15 15:01:44 11cc InnoDB: Warning: Using innodb_additional_mem_pool_size is DEPRECATED. This option may be removed in future releases, together with the option innodb_use_sys_malloc and with the InnoDB's internal memory allocator.
2019-05-15 15:01:44 4556 [Note] InnoDB: innodb_empty_free_list_algorithm has been changed to legacy because of small buffer pool size. In order to use backoff, increase buffer pool at least up to 20MB.

2019-05-15 15:01:44 4556 [Note] InnoDB: Using mutexes to ref count buffer pool pages
2019-05-15 15:01:44 4556 [Note] InnoDB: The InnoDB memory heap is disabled
2019-05-15 15:01:44 4556 [Note] InnoDB: Mutexes and rw_locks use Windows interlocked functions
2019-05-15 15:01:44 4556 [Note] InnoDB: _mm_lfence() and _mm_sfence() are used for memory barrier
2019-05-15 15:01:44 4556 [Note] InnoDB: Compressed tables use zlib 1.2.11
2019-05-15 15:01:44 4556 [Note] InnoDB: Using generic crc32 instructions
2019-05-15 15:01:44 4556 [Note] InnoDB: Initializing buffer pool, size = 16.0M
2019-05-15 15:01:44 4556 [Note] InnoDB: Completed initialization of buffer pool
2019-05-15 15:01:45 4556 [Note] InnoDB: Highest supported file format is Barracuda.
2019-05-15 15:01:45 4556 [Note] InnoDB: The log sequence number 1835037 in ibdata file do not match the log sequence number 1866507 in the ib_logfiles!
2019-05-15 15:01:46 4556 [Note] InnoDB: Restoring possible half-written data pages from the doublewrite buffer...
2019-05-15 15:01:47 4556 [Note] InnoDB: 128 rollback segment(s) are active.
2019-05-15 15:01:47 4556 [Note] InnoDB: Waiting for purge to start
2019-05-15 15:01:47 4556 [Note] InnoDB:  Percona XtraDB (http://www.percona.com) 5.6.43-84.3 started; log sequence number 1866507
2019-05-15 15:01:48 9764 [Note] InnoDB: Dumping buffer pool(s) not yet started
2019-05-15 15:01:48 4556 [Note] Plugin 'FEEDBACK' is disabled.
2019-05-15 15:01:48 4556 [Note] Server socket created on IP: '::'.
2019-05-15 15:01:48 4556 [Note] mysql\bin\mysqld.exe: ready for connections.
Version: '10.1.39-MariaDB'  socket: ''  port: 3306  mariadb.org binary distribution
2019-05-15 15:02:02 3648 InnoDB: Warning: Using innodb_additional_mem_pool_size is DEPRECATED. This option may be removed in future releases, together with the option innodb_use_sys_malloc and with the InnoDB's internal memory allocator.
2019-05-15 15:02:02 13896 [Note] InnoDB: innodb_empty_free_list_algorithm has been changed to legacy because of small buffer pool size. In order to use backoff, increase buffer pool at least up to 20MB.

2019-05-15 15:02:03 13896 [Note] InnoDB: Using mutexes to ref count buffer pool pages
2019-05-15 15:02:03 13896 [Note] InnoDB: The InnoDB memory heap is disabled
2019-05-15 15:02:03 13896 [Note] InnoDB: Mutexes and rw_locks use Windows interlocked functions
2019-05-15 15:02:03 13896 [Note] InnoDB: _mm_lfence() and _mm_sfence() are used for memory barrier
2019-05-15 15:02:03 13896 [Note] InnoDB: Compressed tables use zlib 1.2.11
2019-05-15 15:02:03 13896 [Note] InnoDB: Using generic crc32 instructions
2019-05-15 15:02:03 13896 [Note] InnoDB: Initializing buffer pool, size = 16.0M
2019-05-15 15:02:03 13896 [Note] InnoDB: Completed initialization of buffer pool
2019-05-15 15:02:03 13896 [ERROR] InnoDB: C:\xampp\mysql\data\ibdata1 can't be opened in read-write mode
2019-05-15 15:02:03 13896 [ERROR] InnoDB: The system tablespace must be writable!
2019-05-15 15:02:03 13896 [ERROR] Plugin 'InnoDB' init function returned error.
2019-05-15 15:02:03 13896 [ERROR] Plugin 'InnoDB' registration as a STORAGE ENGINE failed.
2019-05-15 15:02:03 13896 [Note] Plugin 'FEEDBACK' is disabled.
2019-05-15 15:02:03 13896 [ERROR] Unknown/unsupported storage engine: InnoDB
2019-05-15 15:02:03 13896 [ERROR] Aborting

